<?xml version="1.0" encoding="UTF-8"?>
<!-- Generated by org.testng.reporters.JUnitXMLReporter -->
<testsuite hostname="LAPTOP-2IDDJ2UE" name="firsttestngpackage" tests="7" failures="0" timestamp="13 Aug 2019 02:40:29 GMT" time="67.082" errors="0">
  <testcase name="logintest" time="0.011" classname="firsttestngpackage.Dependency"/>
  <testcase name="Homepagetest" time="0.008" classname="firsttestngpackage.Dependency"/>
  <testcase name="verifyHomepageTitle" time="25.767" classname="firsttestngpackage.FirstTestNGFile"/>
  <testcase name="googleTitleTest" time="0.015" classname="firsttestngpackage.GoogleTest"/>
  <testcase name="nolinktest" time="0.626" classname="firsttestngpackage.GoogleTest"/>
  <testcase name="sum" time="0.001" classname="firsttestngpackage.invocationcounttest"/>
  <testcase name="verifyHomepageTitle" time="0.016" classname="firsttestngpackage.SecondTestNGFile"/>
</testsuite> <!-- firsttestngpackage -->
